{
  "Cucumber Features": {
    "coverage": {
      "/Users/tmoneyfish/Documents/Uni/CSCE431/frenchtoast/app/mailers/application_mailer.rb": [
        0,
        0,
        0,
        0
      ],
      "/Users/tmoneyfish/Documents/Uni/CSCE431/frenchtoast/app/models/application_record.rb": [
        0,
        0,
        0
      ],
      "/Users/tmoneyfish/Documents/Uni/CSCE431/frenchtoast/app/jobs/application_job.rb": [
        0,
        0
      ],
      "/Users/tmoneyfish/Documents/Uni/CSCE431/frenchtoast/app/controllers/application_controller.rb": [
        0,
        0
      ],
      "/Users/tmoneyfish/Documents/Uni/CSCE431/frenchtoast/app/controllers/welcome_controller.rb": [
        0,
        null,
        0,
        0,
        0,
        null,
        0,
        0,
        0,
        0
      ],
      "/Users/tmoneyfish/Documents/Uni/CSCE431/frenchtoast/app/helpers/welcome_helper.rb": [
        0,
        0
      ],
      "/Users/tmoneyfish/Documents/Uni/CSCE431/frenchtoast/app/helpers/application_helper.rb": [
        0,
        0
      ],
      "/Users/tmoneyfish/Documents/Uni/CSCE431/frenchtoast/app/channels/application_cable/connection.rb": [
        0,
        0,
        0,
        0
      ],
      "/Users/tmoneyfish/Documents/Uni/CSCE431/frenchtoast/app/channels/application_cable/channel.rb": [
        0,
        0,
        0,
        0
      ]
    },
    "timestamp": 1550767540
  },
  "RSpec": {
    "coverage": {
      "/Users/tmoneyfish/Documents/Uni/CSCE431/frenchtoast/app/helpers/application_helper.rb": [
        1,
        null
      ],
      "/Users/tmoneyfish/Documents/Uni/CSCE431/frenchtoast/app/helpers/welcome_helper.rb": [
        1,
        null
      ],
      "/Users/tmoneyfish/Documents/Uni/CSCE431/frenchtoast/app/controllers/welcome_controller.rb": [
        1,
        null,
        1,
        1,
        null,
        null,
        1,
        null,
        null,
        1,
        1,
        null,
        null,
        1,
        null,
        null
      ],
      "/Users/tmoneyfish/Documents/Uni/CSCE431/frenchtoast/app/controllers/application_controller.rb": [
        1,
        null
      ],
      "/Users/tmoneyfish/Documents/Uni/CSCE431/frenchtoast/app/mailers/application_mailer.rb": [
        0,
        0,
        0,
        0
      ],
      "/Users/tmoneyfish/Documents/Uni/CSCE431/frenchtoast/app/models/application_record.rb": [
        0,
        0,
        0
      ],
      "/Users/tmoneyfish/Documents/Uni/CSCE431/frenchtoast/app/jobs/application_job.rb": [
        0,
        0
      ],
      "/Users/tmoneyfish/Documents/Uni/CSCE431/frenchtoast/app/channels/application_cable/connection.rb": [
        0,
        0,
        0,
        0
      ],
      "/Users/tmoneyfish/Documents/Uni/CSCE431/frenchtoast/app/channels/application_cable/channel.rb": [
        0,
        0,
        0,
        0
      ]
    },
    "timestamp": 1550961781
  }
}
