{
  "Cucumber Features": {
    "coverage": {
      "/home/ec2-user/environment/frenchtoast/app/helpers/application_helper.rb": [
        0,
        0
      ],
      "/home/ec2-user/environment/frenchtoast/app/helpers/welcome_helper.rb": [
        0,
        0
      ],
      "/home/ec2-user/environment/frenchtoast/app/controllers/welcome_controller.rb": [
        0,
        null,
        0,
        0,
        0,
        null,
        0,
        null,
        0,
        null,
        0,
        0,
        0,
        null,
        0,
        0,
        0
      ],
      "/home/ec2-user/environment/frenchtoast/app/controllers/application_controller.rb": [
        0,
        0
      ],
      "/home/ec2-user/environment/frenchtoast/app/mailers/application_mailer.rb": [
        0,
        0,
        0,
        0
      ],
      "/home/ec2-user/environment/frenchtoast/app/models/application_record.rb": [
        0,
        0,
        0
      ],
      "/home/ec2-user/environment/frenchtoast/app/models/car.rb": [
        0,
        null,
        0
      ],
      "/home/ec2-user/environment/frenchtoast/app/jobs/application_job.rb": [
        0,
        0
      ],
      "/home/ec2-user/environment/frenchtoast/app/channels/application_cable/connection.rb": [
        0,
        0,
        0,
        0
      ],
      "/home/ec2-user/environment/frenchtoast/app/channels/application_cable/channel.rb": [
        0,
        0,
        0,
        0
      ]
    },
    "timestamp": 1551811019
  },
  "RSpec": {
    "coverage": {
      "/home/ubuntu/workspace/frenchtoast/app/helpers/application_helper.rb": [
        1,
        null
      ],
      "/home/ubuntu/workspace/frenchtoast/app/helpers/welcome_helper.rb": [
        1,
        null
      ],
      "/home/ubuntu/workspace/frenchtoast/app/models/application_record.rb": [
        0,
        0,
        0
      ],
      "/home/ubuntu/workspace/frenchtoast/app/controllers/welcome_controller.rb": [
        0,
        null,
        0,
        0,
        0,
        null,
        0,
        0,
        null,
        0,
        0,
        0,
        null,
        0,
        0,
        0
      ],
      "/home/ubuntu/workspace/frenchtoast/app/controllers/application_controller.rb": [
        0,
        0
      ],
      "/home/ubuntu/workspace/frenchtoast/app/mailers/application_mailer.rb": [
        0,
        0,
        0,
        0
      ],
      "/home/ubuntu/workspace/frenchtoast/app/channels/application_cable/connection.rb": [
        0,
        0,
        0,
        0
      ],
      "/home/ubuntu/workspace/frenchtoast/app/channels/application_cable/channel.rb": [
        0,
        0,
        0,
        0
      ],
      "/home/ubuntu/workspace/frenchtoast/app/jobs/application_job.rb": [
        0,
        0
      ]
    },
    "timestamp": 1551044461
  }
}
